<?xml version="1.0" encoding="UTF-8"?>
<testng-results skipped="0" failed="0" total="1" passed="1">
  <reporter-output>
  </reporter-output>
  <suite name="Default suite" duration-ms="11755" started-at="2017-08-20T14:48:34Z" finished-at="2017-08-20T14:48:46Z">
    <groups>
    </groups>
    <test name="Default test" duration-ms="11755" started-at="2017-08-20T14:48:34Z" finished-at="2017-08-20T14:48:46Z">
      <class name="com.Testcase.Fb_Login">
        <test-method status="PASS" signature="login()[pri:0, instance:com.Testcase.Fb_Login@144fc66]" name="login" duration-ms="11740" started-at="2017-08-20T20:18:34Z" finished-at="2017-08-20T20:18:46Z">
          <reporter-output>
          </reporter-output>
        </test-method> <!-- login -->
      </class> <!-- com.Testcase.Fb_Login -->
    </test> <!-- Default test -->
  </suite> <!-- Default suite -->
</testng-results>
