<?xml version="1.0" encoding="UTF-8"?>
<testng-results skipped="0" failed="0" ignored="0" total="1" passed="1">
  <reporter-output>
  </reporter-output>
  <suite name="Default suite" duration-ms="20959" started-at="2017-08-20T12:13:25Z" finished-at="2017-08-20T12:13:46Z">
    <groups>
    </groups>
    <test name="Default test" duration-ms="20959" started-at="2017-08-20T12:13:25Z" finished-at="2017-08-20T12:13:46Z">
      <class name="com.TestCase.Sregist">
        <test-method status="PASS" signature="f()[pri:0, instance:com.TestCase.Sregist@2f32ff]" name="f" duration-ms="20944" started-at="2017-08-20T17:43:25Z" finished-at="2017-08-20T17:43:46Z">
          <reporter-output>
          </reporter-output>
        </test-method> <!-- f -->
      </class> <!-- com.TestCase.Sregist -->
    </test> <!-- Default test -->
  </suite> <!-- Default suite -->
</testng-results>
