<?xml version="1.0" encoding="UTF-8"?>
<testng-results skipped="0" failed="0" total="1" passed="1">
  <reporter-output>
  </reporter-output>
  <suite name="Default suite" duration-ms="6256" started-at="2017-10-09T17:46:01Z" finished-at="2017-10-09T17:46:07Z">
    <groups>
    </groups>
    <test name="Default test" duration-ms="6256" started-at="2017-10-09T17:46:01Z" finished-at="2017-10-09T17:46:07Z">
      <class name="com.TestNg.MultiplePopups">
        <test-method status="PASS" signature="f()[pri:0, instance:com.TestNg.MultiplePopups@56dfcb]" name="f" duration-ms="6245" started-at="2017-10-09T23:16:01Z" finished-at="2017-10-09T23:16:07Z">
          <reporter-output>
          </reporter-output>
        </test-method> <!-- f -->
      </class> <!-- com.TestNg.MultiplePopups -->
    </test> <!-- Default test -->
  </suite> <!-- Default suite -->
</testng-results>
