<?xml version="1.0" encoding="UTF-8"?>
<!-- Generated by org.testng.reporters.JUnitXMLReporter -->
<testsuite hostname="gowtham-PC" name="Build 1" tests="6" failures="0" timestamp="16 Aug 2017 15:00:06 GMT" time="0.099" errors="0">
  <testcase name="@BeforeTest beforeTest" time="0.0" classname="com.TestNg.NewTest">
    <failure type="org.testng.TestNGException" message="
Parameter &amp;apos;browser&amp;apos; is required by @Configuration on method beforeTest but has not been marked @Optional or defined
in C:\Users\gowtham\eclipse-workspace\selenium test\src\com\TestNg\TestNg.xml">
      <![CDATA[org.testng.TestNGException: 
Parameter 'browser' is required by @Configuration on method beforeTest but has not been marked @Optional or defined
in C:\Users\gowtham\eclipse-workspace\selenium test\src\com\TestNg\TestNg.xml
... Removed 19 stack frames]]>
    </failure>
  </testcase> <!-- @BeforeTest beforeTest -->
  <testcase name="@BeforeClass beforeClass" time="0.0" classname="com.TestNg.NewTest">
    <skipped/>
  </testcase> <!-- @BeforeClass beforeClass -->
  <testcase name="@BeforeMethod beforeMethod" time="0.0" classname="com.TestNg.NewTest">
    <skipped/>
  </testcase> <!-- @BeforeMethod beforeMethod -->
  <testcase name="@AfterMethod afterMethod" time="0.0" classname="com.TestNg.NewTest">
    <skipped/>
  </testcase> <!-- @AfterMethod afterMethod -->
  <testcase name="@AfterClass afterClass" time="0.0" classname="com.TestNg.NewTest">
    <skipped/>
  </testcase> <!-- @AfterClass afterClass -->
  <testcase name="@BeforeMethod beforeMethod" time="0.0" classname="com.TestNg.Popup">
    <skipped/>
  </testcase> <!-- @BeforeMethod beforeMethod -->
  <testcase name="@AfterTest afterTest" time="0.0" classname="com.TestNg.NewTest">
    <skipped/>
  </testcase> <!-- @AfterTest afterTest -->
  <testcase name="@AfterTest afterTest" time="0.0" classname="com.TestNg.NewTest">
    <skipped/>
  </testcase> <!-- @AfterTest afterTest -->
  <testcase name="cest" time="0.0" classname="com.TestNg.FirstTestCase">
    <skipped/>
  </testcase> <!-- cest -->
  <testcase name="zest" time="0.0" classname="com.TestNg.FirstTestCase">
    <skipped/>
  </testcase> <!-- zest -->
  <testcase name="test" time="0.001" classname="com.TestNg.FirstTestCase">
    <skipped/>
  </testcase> <!-- test -->
  <testcase name="aest" time="0.001" classname="com.TestNg.FirstTestCase">
    <skipped/>
  </testcase> <!-- aest -->
  <testcase name="f" time="0.0" classname="com.TestNg.NewTest">
    <skipped/>
  </testcase> <!-- f -->
  <testcase name="f" time="0.0" classname="com.TestNg.Popup">
    <skipped/>
  </testcase> <!-- f -->
</testsuite> <!-- Build 1 -->
